*** Life<FredkinCell> 50x50 ***

Generation = 0, Population = 40.
--------------------------------------------------
--------------------------------------------------
---------0----------------------------------------
---------------------0-0--------------------------
--------------------------------------------------
--------------------------------------------------
--0-----------------------------------------------
-----------0------------------0-------------------
---------0----------------------------------------
--------------------------------------------------
------------00---------------------0--------------
--------------------------------------------------
--------------0-----------------------------------
--------------------------------------------------
---------------------0------------0---------------
--------------------------------------------------
------------------------0-------------------------
------------------------------0-------------------
----------------0---------------------------------
--------------------------------------------------
---------------0-----------------------0----------
--------------------------------------------------
----------0-----0---------------------------------
--------------------------------------------------
-0--------------0---------------------------------
--------------------------------------------------
------0------------------------------0------------
--------------------------------------------------
-----------0--------------------------------------
--------------------------------------------------
-----------------0--------------------------------
--------------------------------------------------
--------------------------------------------------
-----------------------------------------------0--
----------------------------0---------------------
------------------------------0-------------------
--------0-----------------------------------------
--------------------------------------------------
----------0-------0-------------------------------
--0-----------------------------------------------
-------------------0---------------------------0--
--------------------------------------------------
---------------------0----------------------------
--------------------------------------------------
--------------------------------------------------
--------------------------------------------------
------0-------------------------------------------
--------------------------------------------------
--------------------------------------------------
--------------------0-----------------------------

Generation = 20, Population = 431.
-----4------011101--0-------1-0----0--01----------
--------------------------1---0---0---------------
-3--------------3---1---4----0----3---------------
-0-------7----1------------2--0--4-5-----2-0--0---
-13--3--35-2-----4-2-1--12-----1--25---3---0------
------------------------------1-------------------
-14-----8---493----43-0--3--11-------3-----------0
-----6-1--1----1--2--2----2----3--1--1-1--0-------
-----58----3-4-5----32-------00----2---1----------
--------------------------------------------------
366---4--9--3--557-----422------2----3---2---1-0--
---2-------3--0--0-6-----7----2---------------0---
-5--1--33----2-21--------33-------2-----0---------
--------------0-------------------------------00--
3-1---3------64----4-02------2--02---4---2-------0
------------------------------3-------------------
1---2---45-52----------2------22----2-------12----
----------1-------2-----------------------31-----2
0---------2--4---0------2-1-3-------01------------
--0--------2-----0-0-----241--2---4---------------
0---0---22--01---5--------------1--2----00-----4-1
--------------0-------------------------------01--
2-2-4----5--31--------2-------4-2--20----------1--
2-----11-------0-----1-1--2---4---1---------------
--3434--58----22-2---2-----11--0----1------0-1---0
--------------------------------------------------
013---0-612-2---72---2---------2523----0---0-----3
--1--------1------------------2-------------------
2------3-61--3---111---11------01--------------2--
--------------------0---------21-----2------------
-10--2--2-0--3--10----3--2---02----3-11-----0--0--
--------------1-----1-------------------------0---
---0--0-------11----3---1--13----------2----------
----------------1-------0-31-----131-----2--------
-12-1---0-0-1-------11----4------3------2-------1-
----------1-4---2-------3-----------------1-------
-322------12----2--30---1---4--1-----3-----1------
--------------------0---------21-----2------------
--2--04-1-3---2-0---222---------------1-----0-----
--------4-------0---3-1-----------------------0---
-2---132---21--1---11---1--2---0-2-3-----1-----3--
--2-----------------------------------------------
-0--2-2-321-----1-2---2--11-------2---------------
------------0-----3-------------------------------
-0-0---02-------0------1-------0---0-0-----1-----0
1---1-2-----------------------0-----0----------3--
----21------31----2---1---1-----------------------
----3-------------------------1-----0----------4--
----0---2--00------2---------------------------1--
0-0-----3-----------------0-----0-0-----0--0-----0

Generation = 40, Population = 448.
-6-------4--------15-1---4--3-----1------0-----4--
---------------------------------------2-----1----
------6-5----6-7-33825-------3------34-6----11---2
-5-----+-+-----8-6----3-------2------70+----------
-----------9--4-+----7------11-----------6---31---
------------------------------+----------------4--
-----72-+-+------4+-+-------------1-8-----3----1--
----3-4-3-52---------------0--9----1----------1--1
--8---+-4--6-9---78--4--3--3-5---77----7----23---2
1-------------------3-----------------3--------3--
---6---8-+6--+-------9-9--4-73-5----36------------
-------0-3----------4---------2--------------2-2--
------494---73-+-------------6-----6-06-------4+--
----------------------7---------------9-----------
9---6-+--7-------+6-9-----2-2---4-1----9-----9--7-
7-1--------1-------0----------6-------5----4------
1-+-------8--5--6--6-5----1------0--5----14----7--
------3-3---3---------------4-5---------------7---
---7-6---------+-53-----3------7-4----242----4----
------------0--------5-5----4---------------------
----3+-+-8-----5----6--5---0---------4-9-----838--
--6---------------------------4-------------------
618------65-845--+6---4-7---4-----------3---0--8-3
---1---------------1--4---------------3-----------
----5---9-+-----------5--3--------6--3--45--------
4--------------3----43--------5-------2-----------
-35------5------+------6----725-7------12-----3-4-
3------------4-1----25-7-----0-4------3--------4--
-3-----7----79-4-5----7------3---------11----8-8-4
----2-----1---------------------------------------
-----+6--54-8-6--86--3----3--------------3-6----7-
----------------------------6-----1---------------
5-8------7----248----7-------2---3--------------25
-------1-----1--------43-----7--------8-----------
-6--565--38-79---4--77--1------44--8725--------54-
------5-5----4-0-----1-4-----546-------5-----72---
-6-------5------6-------------3-5----------2---70-
--5-----------------------------------------------
---------15-71--4-8-58--44--7---------7----------2
---1---------------35-9---1---------5-2---1-------
-5-----+2----3-2-8-----47----1---------5-6-6------
----------3----2-----1--------------------------1-
327-56---4----3--3--86-----144---------32--8------
3---------6----------0-0------2-------1--------41-
-----43-74-----1-----------------------22---------
--------------------------------------------------
--------2-5-75---35-21----2--45-1-3---2-------3---
-----------1----------------6-8---3---------------
-4-----1-1----45-----5-2-------01--------------5-2
--3---------------1---4---------------3-3---2-----

Generation = 60, Population = 1201.
6-----6-----+-3---7-4-8---96+---883+5----4-4-++-3-
3---6-6---3---3-1-432-8641-532-576-7-4-8-6-5-5-3-4
5-+-9--------8--69----+-+-6---958--+--4+-69+----24
--1-----6-----+--9-+6---5-7-----7+-+-9----48------
+-+-------+--+6-+++---7++---794++--++--+3--7++-7--
--5-----3-2-2-45--4-73-57-9635+7-3-825-+-5-3-5-+-2
+-+-+---++---++--+-+++----58--+9++56-8+--89-44----
7---+-7---+-7---5-8-7+748----7+5-+--8+27------3---
--+-+-+--++--++--++5+---9+787--+5--77------+7439--
------+-4--76-+-95-7--7-25+6--7450+8-5-641-5-7-+-+
+---+++-+++-8+-+--+--+---+-+++788+8-9-5--7-6-+5---
8-9-4---3-3-5-6---5-9-0--+7-94--+4-4----373------4
8----+9-++++-85+----7-+3+---4--93------+876-8+-+3-
----6--4--6-55+49-8-79+58-6-82+4--2532+4-3-715-9-6
--9-++--++9++-7-++--+-+----86---+-4-8--+7-6-8--+--
8-7-8-9---------9-+---+531+-83--6---81------3--4--
--+-57-8-++++--7--++--+-+6-48--8---9+5+-99-66--++-
7--2----+669--+-74-7+-5-+5+7+-9-80+4--+557+9-8-786
77+---+77-+-+73++-6-+--+-95298--+7+++-9----47+--26
3-4---5------------4+++-6--9+-8-48-16---6-65----3-
5+-7---++-+++-+-8-++-3-+--+6-6-49+366+6-5--58---77
--9-83-5----85-4--4-79-73-3-34+4--7-8352--55358763
+6+7+-----+5+-+---+-++73-6------34---98+88---32+-5
--8-------3----+-4--+-55+-+-6-+-4-7-6-4-6---3-8-1-
---+5-+7++--+--++6--9-99-+-+-5-24-+-8---+-+8+2--6-
94----5-2257----68-9--4-52-6--+-84+8--5-26385-7857
9---96+++---+++-+++---8+6-8--7--+-+-8-6----7-67--+
------4----6-9+-2-7+----4---7-9-34-51-7-2-46----1-
-6+-++--7-8++---+-88-9--+5-+3-4---695+4-66-23--+2-
-37-54+---+-4676----37-72-6-89-9--3-3+755-1-46-+6-
--9-+---+-+-----4++67-95-+88--7---7++9------9-89--
-------4-68-+-95--7-8-------89-6+-3-35----5-7--5--
---1-79-8+--+--9----+8-+3647--44+93--63-6+--9--+5-
559--98-65++--5-83526---7+-9+---+6-+7-+-89-64---57
9-9--+86----+-17-7--9-+7--+6-----5--+--+-56---8-7-
---5-4--+-+3--2-+-----+-+2-8----+7----7-9+5---3--4
-------6-+---+--+-4+8-36--779-76-39-++----5-5+-+58
72+-52+5--+-842-3-5-9-8-7-8-92-7----57+51---2+-96-
++77--+-5-+7-6--8+++++--++---8-35---6++-8-+7-5-9+-
-2--7--4----8-----6-+3-6--4-+5------+28---8---4---
--------5--8-58-9+++-7-7+9++439-6--+-+0-6+-8-5--6-
71+49-3-+34-8-5-4-806---8-6---9-6425--3-52244---44
--+---+5-++-++5+-5+-+---+----+--6++66-7-96-+5--56-
62------8-8-----75-4--2-98----+-92------3-4------+
----6---------92-9--7-375---+8-4718-3------+6-----
8-+-+0+---+-+-648---779-----+-------7251--2-444+3-
-5---5+--+76-+--+-----+-------9--6+-67-755------38
--+-7353----5291----51----+-93----+-2-----1-98-+--
7-6-------+---+-+++75--62--14---78--1--762-5-7-+--
7-51--7-+-9-----609-----74----4-4-------+367--7-51

Generation = 80, Population = 450.
----+-----8-+---+-------+-+-+-----7---9+-9--------
------+-----2-5---6-5-----------+-------------4---
-+-9-------++-------+-+------------+-------++-7-8-
-9------------------9--9-+---++------+-----9-7----
-----9+--------------------+-------------------+-4
--------------------------------------------------
-+----+----9------++++--9-9+-----+9---------7-5-9-
--+---+-7+------5-----+--+------++-7-----+------45
---+----8-++--+--++-+-+----+---+--++-+-++--+--6---
--------------------------------------------------
-------++--++----+----+--+----+--+-----++--9+--7--
----5--------+-+--------------+-----9--8-+-----+--
+-----+--+---+---+-+-----+-+--------9-+----------+
--+-9------7------------------------8----------+--
+-+-+---+-+--------+-----++----++----------+++----
--------------------------------------------------
--+-------+------++----+----+--9-------------++---
--+-----++-----49----888------+-----------------9-
+---+---++-+-------8-------4+-9-+-+-+-+-----------
------+------+98----------------8------7-4----+6--
------+++----+---+---6------+--5-------+9-----8---
--------------------------------------------------
-+-9++----+-----++--------+---++5-8+--+-+-+-7---+-
------+-----7-----2------8------6-8-----9--------7
+-+---+---++---++9-9---+--++------+-+-+----+-5-+-+
---------------------+-8--------------------------
--+------+----+----+---+---+-8-------+-++-----+---
--------------+-----9-------------------------6---
-6+--+---+--+---------+--+-------+-+-----+--6---5-
---8-------6--8-----8------3---+-----+--------7---
--++-----++-+--+7-+-----+---++9----+---+-9--+-----
--------------------------------------------------
-+----+------6-+-----+-----------+6+--5+----------
------+8--------+--------+-----++----8-+--6-------
---+-++---------+-+-+---66-+------------------+---
--------+-------------+-------+-----------+-----+-
-+------+----+--------4+9-----+---+7--+-----9-----
--------------------------------------------------
+-+------++--8---+-+++--+-+-+-9-----+---+-+-7-7++-
--+--------4------9-----+-------------------8-----
+9+-8-----+---+-+-+-+-----++---+9+-+---6-+----8---
-----+-6-----------------------------7-5----------
--------+---++---------+------6----9---8-7-+59----
---------------------7-9------+-------------------
7--------++-+--99++------6--+---+----------+-----+
---7-------5---------------6--8---7-----4------+--
-7+--7--+-----+-+-+9-----55-7---------------886-4-
--------------------------------------------------
-6+--+9----------+++---------4----------------6--4
+-----8--5-----7-----9-8--7---------------9-------

Generation = 100, Population = 950.
+-+8----7+--+--+--+--+-8+-+---+---++7++-7------+-+
7-+-++-5-+---9---6---+-++++++---+-+-------99---6-8
++--+-+++-+--++-++-+-++-+-+-+++-+-+++++++-+---+-++
+--+------8+-------+-+-+9-+-+--+-+----9-++--------
---+6+--++---+---+-+-++------+-+++----++---+-+++-9
9--------+-+---+------------7-+---+---+--------+--
+-+-+-+8+++---+-+-+++-++-+--++--++++-----8++------
+9+-+--+--+--+-+-+--+--8---9+++---6-+-7++-+-++--7-
--+----+-+-----------9+-++---++--+++--9----+-+++-+
------+---++-----+-+-----+-+----+---------------9-
-+++-+++++-++--++--+-+-+++++-++--+++-+7--+----++9+
+-+--++-------+--+-+----7-+---------+-+-7--+5---9-
+-+8+--+--+-++---+---+---++-9-+--+-+-+--------+---
+-+---+9--+---+++---++-++---+---------+---+-3---9-
+-++-+-++-+-----+++++-----+-+++-++-++-+++-+-++++++
+---------+-----+---+---------+-------+---3-----9-
++-+---+-+++-+++------++--+++-++++++--+++-+++-----
--+-+-+---+++---+-------+---+-----+---+-+-+---+-9-
-+--+++---+---+++---+++-----+---------+++---+--+9+
--+-+-+----+6---+---+---++--+---+-----+---+---+--+
-+---++-++---++---+--+++++-+-+---+-+-+-+-9+-+++--+
+---------------+---+---7-----------+-+---9-------
++++-+--+-++--+---++-+++-7--+-++-8+---++-+-+--+++-
--+----+--+--+--+---+--++---+7+-+---+-99-8+--+----
++++-+--+--++-+-+------+-++-+-+---+++---+++-+++-++
+-+------------9---+-+--------+---+---+-7--+------
------++-+-+---++++----+++-+-++---+++--+++-+++-+++
--+-+-+--+-----------------7+---+--+-+----+--+----
++++--++++-+-+----++--++++--++-++++-+---+-8-++--9+
9---+--+-+-8-----+-8-+-+-7+-----+---+-++-+6-7+-+--
9++++-+++--++-++--+++-+-----+---++-----++------+--
---------8-----+--------+-----------6-------------
--+-+-+--+--+-+++----------+9--+++----8---9--+-+--
---7-++---+--+-+-+---9---++-+-+-----+++-++-+-+---+
+++--++++-+++-6+--+++----+--+8-++9--++-++-+----+-+
----+9+-++-+-+-----9+------+--+----9-+--+-+--+-+--
++----+-+----+++-++--+---++-+-----++++------+-+-++
--+---+--------+-----+----------+--------5-----+--
-++----++-++---++-+---+----+-----+-++---+--++-+-+-
--+-+-+8-++-++-+----+--+--+-+++-+-+----4-8-+-5---5
-+-------+++-++----+++-++---+---+-++---++---+---+-
--++-+-----9-+-----++-----+-------8------7--------
++++--+-++-+-++++--8++---+-9---+-++---++-9+-6-+-+-
--+---+-9--9----+-------++--+-+-+-+------------+-+
--+6-++------++-++----+++-9++-++++++-------+++--7-
+------7-++---+9+------97-5-----+------6-----+--9-
6+--+-++-+++-+++---+--+-++--+++-9-++-++-+--+------
------+---+---+-----+-----+---+-9---------------8-
++-7---9++-++-++-+---+-++--+-97--++--+--+6+++++-88
------+-------+---+6+-+---+-9-+---+-9------9+---+-

*** Life<FredkinCell> 25x25 ***

Generation = 0, Population = 17.
-------------------------
-------------------------
-------------------------
-------------------------
-------------------------
---------------------0---
-------------------------
------------------0------
----------------------0--
-------------------------
-----------0----0--------
-------0----00-----------
-------------------0-----
-------------------------
--------00---------------
-------------------------
-------------------------
----------------0--------
----------0--------------
------------------0------
-------------------------
----------------0--------
-----0-------------------
-------------------------
-------------------------

Generation = 2, Population = 59.
-------------------------
-------------------------
-------------------------
---------------------0---
-------------------------
------------------00---0-
----------------------0--
----------------0---00---
-----------0----0---0---0
-------0----00----0------
---------0---10---00--0--
-----0---000--10---------
--------00-0----00---0---
-------0----00-----------
------01--10-------0-----
----------------0--------
--------000--------------
--------------0----------
--------0---0------------
----------------0---0----
-----0----0--------------
--------------0----------
---0---0-----------------
----------------0--------
-----0-------------------

Generation = 4, Population = 63.
-------------------------
---------------------0---
-------------------------
------------------0------
----------------------0--
-----------------1-------
-----------0----1--------
-------0----000-------0--
------------------11----0
---------------------0---
-------112--0--0----1----
---0----02-0----011------
---------------0------10-
----------------1--------
----01----3201--1--------
-------1----00----0------
-------------------0-----
------------1---0---0----
-----00-01----1----------
--------------0-------0--
-------------------------
------------0---0---0----
-0-------00--------------
------------------0------
-----0-------------------

Generation = 6, Population = 187.
-------------------------
------------------00---0-
----------------------0--
----------------01--00---
-----------0----0---0---0
-------0----0000--21--1--
---------0---11----0--1-0
-----0---0002-2120--02--1
-------100-01--0-1---11-0
---0---111-0200-0021--10-
-----013-2-0-210-1-2---00
-0---000-200-112--3110---
----00-02102---022---1--1
---0---100-1220-310------
--01--22125221----10--00-
-----1---0100-101--------
----0-0-1010010-10---0---
-------0--0-111---0------
---01-2-2-101---1--0-----
------------0---0---0---0
-0---00-0-0---1----------
----------1---0---0------
---0-0-01--11------------
------------0------------
-0-0-0-0-00--------------

Generation = 8, Population = 62.
----------------------0--
---------------------0---
-----------0----1--------
-------0----00-----------
-------------------0-----
-------------2-------1---
--------12---------------
----------0-------------1
--------------1-----1----
----------------2--------
---1----3-1--------2----2
----02---------4--5-10---
-----------4-----------2-
----------------3----1---
01---2----------20-------
------------------1------
----------------------1--
--------1---------------0
--1--------0----3-0------
-------0--0-21----------0
-----2-------------0-----
--------0-------0-------0
-0------32---1-----------
------------------0------
----------2--------------

Generation = 10, Population = 202.
-----------0----0---0-0-0
-------0----00-----1---0-
---------0---10---00--0--
-----0---000-210---------
--------00-0----10---1---
-------0--0022-1---2---00
------01--00--2----10----
--------1---20--2----20-1
---0-----11-2---2-23--1-2
----00----1---11----10--1
-0---12-3-110-1--2--11012
--00--21-----1--22533211-
00-0-1--312--0--42-0-2--2
----01--------11--0011-1-
2-2----3---2--01--11--11-
--------0-----------00--0
000--0-----1-----11-0---1
------01----22----1---1--
0---21---2---12-3-010-0--
-----1--11014-202-----0-0
-000---110-0-1--101--0---
------01----011-------0--
---0-002-------0---0-----
--------1-----------0---0
-0-------22-00-----------

Generation = 12, Population = 206.
-----------0----0-00----0
-------------0---0-------
-------112--0--0----1-0--
---0----0200----03------0
--------------11----2-11-
---------0------0----2---
---001--2-0012--2--1----1
----0010----2223--1--40--
----------11----4-45---02
------------32--2---1----
10--012532--2-3004--3-23-
11------1412--2-2255--3--
-------1------00---00-23-
--------1---3---42--1---0
---223--227232--3-1111--0
----02-1--1-1021--1-020-2
-----0-----1------10---13
----1---2---4-------013-1
-----12124--312150--2-0--
---1--1-11-3--2-40--1-2--
-2-------02----0------10-
----0---1-------------0-0
-01-0----31222--101------
-------0--1-210---0---0-0
-0---00-04---21----0-----

Generation = 14, Population = 360.
-------00--01101-1-2-0---
---0----110-----00-3----1
-----013-2---2-010-1---1-
-0---0000-021-322510-10-0
---100-0-0110--3-201-2---
---1110-000-34-122-4-2222
-012-1-1242-322-41-120---
--0002121-02--25-1-126-02
00-0--121-334--16-47---2-
11--211333--34--20-1-12--
1---21-5521-443--402-1---
1-20--33-614--24--55-3---
22-1-211-2451-0252-002-5-
00--220231-253--44--11---
-234---322-2320-5211-122-
--0004010130-2231-10-421-
----1-1--111-3211-1220---
--0111224000622111-001-13
-0-23-4-2-2031-1701-2----
-1--12311313-2404--1-02-0
-212122---4-0220-12--13-0
--11--0311-123--111---2-0
1-3022-3-5--4-013-1-0-00-
----11---131--01--------0
--1--2-----0--11--00-0---

Generation = 16, Population = 64.
--------00---------------
----------------0--------
----------1--------1-----
-------0----13----3------
-----------3----2--------
-----1-------4--4--------
-----1----------------2--
--0-------------3-3------
------3-----4------------
---------------------1---
1--1--------------2----4-
-24----5-------------342-
---3-2---------4---------
----------------6--------
-----34-----------------1
------------------3------
----------1--------------
0---------------1-1------
----5-------------------0
--0-------------4--------
--------21---------------
1-----------------3--0---
---------5---------0-0---
-------1----22----1------
-----------2----1-----1--

Generation = 18, Population = 191.
------0222-1-------3-----
-------0----100----------
---------4-11---21---0---
---------313-5524---0----
-----2---02--02---22--2--
--02-------154226-3------
---3--21---03---4---3---1
0---04-------32---3-36---
0--101--2-3---1---6---23-
-1-----3--------2-31-14--
1001--2-----4--00---41---
1--114---7------2--65--21
33----23-----1---20----62
-10----2------1------202-
----45-52-8----1------3-1
0---------------2-3-0----
----111-2---0------------
0-------------3-----0----
--2---4-243-----------0-0
0---3---------5-4-0--0---
----2-32-361-------0-2--0
1------4----23----301--0-
-------545------30-0-211-
0----2---231--221-1-01---
-----------2-31-1-21011-0

Generation = 20, Population = 202.
----01----0112--0--3-----
-----0------10------0----
-----02-36----00------11-
--00----25-3--7--54---2--
------1120-----4----2----
-1----------7---63--13---
11-5-----54--------3---11
210---2------52---5-38-1-
--13-1--2-35---2---------
-----3-------4---0-------
--0-2-26------4----4---63
1451-64----4----4358---21
-3----43-4552------0-----
0-----------5---6-1-24---
33556----38-------3-2-531
-1-----3------2-2----6-1-
---1-13-23----31---------
0-2-2-------8-3-1-1-024--
0----34-44---------1400-0
0-----32-----4------3----
----43----6303--2-----5--
1-2-2---------3-225---2--
----33-----3-3-232----111
--00---212-1432--13---1--
-------01---1--2--2123--0
