*** Life<Cell> 70x70 ***

Generation = 0, Population = 50.
----------------------------------------------------------------------
----------------------------------------------------------------------
----------------------------------------------------------------------
----------------------------------------------------------------------
-----------0----------------------------------------------------0-----
----------------------------------------------------------------------
---0--------------------------------------------------0------0--------
-------0--------------------------------------------------------------
--------------------------------------------------------------0-------
----------------------------------------------------------------------
----------------------------------------------------------------------
----------------------------------------------------------------------
---------------------------------------------------------0------------
-------------------------0--------------------------------------------
----------------------------------------------------------------------
----------------------------------------------------------------------
----------------------------------------------------------------------
----------------------------------------------------------------------
----------------------------------------------------------------------
----------------------------------------------------------------------
----------------------------------------------------------------------
----------------------------------------0-----------------0-----------
----------------------------------------------------------------------
--------0-------------------------------------------------------------
----------------------------------------------------------------------
----------------------------------------------------------------------
-0-0-----------------------------------------------0------------------
------------------------------------------------------------------0---
----------------------------------------------------------------------
-----------------------------------------------------------------0----
----------------------------------------------------------------------
---------------------------------------0------------------------------
----------------------------------------------------------------------
--------------0-------------------------------------------------------
----------------------------------------------------------------------
----------------------------------------------------------------------
---------------------------------------------------------0------------
-----------------------------------------0----------------------------
----------------------------------------------------------------------
-------------------------------------0------------------------0-------
----------------------------------------------------------------------
----------------------------------------------------------------------
----------------------------------------------------------------------
----------------------------------------------------------------------
----------------------------------------------------------------------
-------------------------------------------------------------0--------
----------------------------------------------------------------------
----------------------------------------------------------------------
----------------------------------------------------------------------
-----------0-----------------0--------0---------0---------------------
--------------------------------------------------------------0------0
----------------------------------------------------------------------
--------0---0---------------------------------------------------------
----------------------------------------------------------------------
----------------------------------------------------------------------
-----------------------------------------------0---------0------------
----------------------------------------------0-----------------------
------0--------------------------------------------------0------------
----------------------------0-----------------------------------------
------------------0---------------------------------------------------
---------------------------------------------------------------0------
-------0-------------------0--------0---------------------------------
--------------------0-------------------------------------------------
--------------------------------------------------0-------------------
--------------------------------------------0-------------------------
----------------------------------------------------------------------
----------------------------------------------------------------------
----------------0-----------------------------------------------------
----------0-----------------------------------------------------------
----------------------------------------------------------------------

Generation = 50, Population = 1060.
-......................***...............1*.......-...............-...
........***............-*.*...-.**.........**...............***.......
......***.*....*.......**.**...*..*..-**.*.**...........**............
.....******...**.......**.**..1*.*...*..*..*.*.-........**............
***..........*..*......***..-.**.1*.*......*..*............-......-...
****.*......***.......**.......*****.....***..........................
..*..*.......**.**....***.....-**.***.....1..*.*............-.........
..............*.*............**.**.1.*..**.-...1*..*.............**..-
................*.....**....*.*.-*...***.........*.*.......*....*..**.
-..............**.**.*.*....*.*.............-..............*....**..*.
............***..**.**.*....*.*..................*-........*.....*..*.
.........-.*.**......1..***.-.**......-..........................***..
.-.*........**.*..*..........*..**...............*.*...**............-
..***.........**...*.........*........***........*....**.**...........
.*...*.......*.*........1*..*...*.................**..*...*.......*...
..***........**..........**.*...*......**.........**.*.*.........*.*..
....*....**.*..*....*.*...***...**..*.****....*.....***..........*..*.
........*.***..*.....*.*.-...*****..*....*...****....***..........**..
-*.**.....*..**.......*........***..........*....**...*..*............
*.*.*...*.*........*...****.........*..*.....*..*.......*....*.**.....
*...**..**......-.**...*..****.....**..*........*.....***.....**......
*..**...***.*....1.*..**......**....**......*...**.......*.....*..**..
*****...**.***.....*.*..**.*....*..................***....*......***..
*..**...*...*....*.*.**.....***.*.-........*.......**....*......*.*..*
-**..**..........******........***..............................*.*...
-*1..**.*.*..*...**.................-.......*...*..*******.......*...*
..*.......*.*.....**.....***.................*..*...*..**.........***.
..*..**..**...*0***........*.......-..........**........*.*...........
**...1.**.-.....*.......................................*.*..-**......
**.*.*.*..**....*......................................**.*.**..*.....
*....***.*.*...*1......*.*.......-..........*.*.....*.........*.*.....
**..*.....1....-**.....*.*...........-......*.**....*..*.......*......
*...*...-.*..**....*.....*..........*.*.....**......*..*..*.**........
.***...............*...*.*..........*.*.........**..**..*.**.*........
.***...**...**.*.......*.*.........**.*.............**..*.***.*.......
...**...*..***.**......*..*....*..**..**.....**...1.........**........
......-.*...*.*.........**........**...*......**......**.*...*....-...
..*.*..*....*.***...........**.**......**....**.......***.*.*........-
***......-*.*..***.*..........*..........*.....**.*.........**........
**...*.****..*.*-..*..........**................**.*..................
..*...**.......**.***.*.-.-....**...............***.................**
.....*..*......**....-.*.......*.*....................**.**.........**
......**...........*....*......*.*..................*.****............
......*.........*......*.....**.*-.................***......*.........
...*...........**.*.....*..*...*.................**.*.*..*...*........
..**...........**.......*1..*.**.**.............*....**.*.*.*.........
...**..........**........*....**..**...............*....*..*......-...
............**..******..*.........**............*.**......*.......**..
.-.**....*.*..*..*..*............................*.......*....*...*.**
....*****.*.*.....***...........*.*..........................**.*...**
.....*.**.**.......**..........**.*............***..........**.*.*....
.....*.*..........*.*..........*..**...........***...........*****....
....**.*.......**..*....***...**...*....*.*...................**......
.*...**........*.*..*..........*.......*...**.**.............-........
*.*............**..*.......................*.*..**...............*.*..
.-.*..*......*...*****...........*.................................***
*.*..*.*....**...****..*.........*.....*...*....*..*..................
*.*....*....*.***...*..*.................*****...*..*.................
..**..*....*...**...*...........*..**....1..***........-..............
**..........**.*.....***.......*.....*............**..................
.*...*......*.....*.*.*.........*....*...............................-
..*...............****......**.......*.......*...*.............**.....
..*.*..............**......*.*..**.**.................................
...**.**.................**.*..*.....*.......**...................**..
...*****..-..*.**.*......***....*...*...*.................-.......**..
.....***.....*.**.*.....*..*.....***..**.*...........-............**..
...***......*......*.....**...........*..**..............*.......***..
..***.........**..*.......*....-......*.**.**...........***......***..
...**....-....**..*.......................**.*.....-...**.**..-..***..
.....-..........*........................-..*.........................

Generation = 100, Population = 517.
-.................**............**................-...................
............*...*..*............***.*.................................
...........*...*....*.............**.*.......................**.......
**..........*..*....*.............**.**........-................**....
**.............*..**.............**..**....................*.....*....
............**.*...*............*.*.***...................**.***..*...
............**.**..............*..*.***.....................*...**....
.............*****..............*.*.***...................**..........
........................***......**..**.........**...*.*..**..........
..........*.*......**.............**.**.....-..*.**.*......**.........
..........*.*.....*..*..*.**.......*.*........**....*.*...**..........
...........**......**....*..........*.-........**..***.....*.*........
................................**.................**........*.....*..
...............................*..*...............................*.*.
...............**..............*.*....**...........................**.
..............*..*..............*.....*.*.............................
...............**....*.................*..............................
....................***...............................................
...................*****..............................................
..................*.....*.............................................
................0**..*..**............................................
................***.*.*.***................***........................
.**..............**..*..**............................................
.**...............*.....**..............................***...........
.......................***..........**................................
........................**..........**.....**................*........
...................***.....................**...............*.*.......
...................***.............-....**..*................*........
..................*..*.................*..**..........................
...................*.*.*.*..............*.....*.......................
.*..................*.*..***..***-............*......*....**..........
*.*....................*..**..*...*..........*.*....*.*..*..*.........
*.*.......................**.......*................*.*..*..*.........
.*..................*.*........*...*.......*****.....*....**..........
...............................**...*.......***.......................
.............*..................*..*...*.....*........................
......**....*.*........................*..........................-...
......***...*.*.......................*................**............-
...*....**...*.........................***..***........**.............
...*.*..**......-.......................**....**......................
...***..................................******.**...................**
..........................................**.*.*....................**
........***...............................**.**.......................
............**.............................***........................
.......*....***...................**..................................
........*......*.............**...**..................................
............................*.*.................**................-...
..........*.****..............*................*..*....**.............
...........***..................................**.....**.............
.............................................*........................
...............................**...........***.......................
...............................**..........**..*......................
...........................................**.***.....................
...........................................*****......................
.............................................*........................
......................................................................
.................*...............**...................................
................*.*..............**...................................
...............*..*....................................-..............
**..............*...........................................***.......
**..............****................*.*....................*..*.......
.............*****..**.****..........***...................*..*.......
................*..****...**........**..*...***.............*.........
............*....*.....*..............***.............................
............*....*........**...........*..............................
..................*....*...****..................................***..
..................*....*....*....................................*.*..
.......**...*.*...*.....*.**.....................................**...
.......**....****.....................................................
.....-................................................................

Generation = 150, Population = 444.
-...............**................................-...........**......
................**.........................***...............**.**....
............................................**..**...........**.**....
**.........................................**...**..............*.....
**...........................................................**.......
.............................................................*........
..............**.................................*.......*...*........
..............**.**..........................*****......*.*...........
.............*...**.........................*****......**.**.....*....
..............**...*........................*****.....*.*.........*...
..............**....*............**.......*..*...*...***........***...
..........**.........**.........*..*......*..*....*.*.................
.........*..*...*......*.........*.*.....*.**.....*..**............*..
..........**....*...**...*.*......*.......*...*...*...*...........*.*.
................*...*....*.*.***.................*.................**.
................*..*..........................***.....................
.................*..*.*......*......**..*.............................
.....................*.**.*.*...***.....*.............................
......................*...*..*.*****..................................
..........................*...*.......*...............................
................-..............**....*.**.............................
................................*.*.*..**.............................
.**...................................*...*...........................
.**................................***..****............***...........
...................................***.*...*.......*..................
....................................*....**........*.........*........
.....................................**.....................*.*.......
........................................*....................*........
........................................**.*.*.*......................
.........................................*.*.*..*.....................
.........................................*.....*...**.....**..........
...........................................*.*.....**....*..*.........
.........................................................*..*.........
..........................................................**..........
...................................*..................................
......................................................................
.....................................***..........................-...
...........................**.**....*.**...............**............-
...........................*.**.....*..*...............**.............
............................***.....**................................
......**...............***...*......................................**
.....**.*.............*..*..........................................**
.....**..**....*.....*...*............................................
......***.....*.*....****......*......................................
..............*.*.....***.....*.*.....................................
...............*..............**.................**.............*.....
.........*.........*.*.........................................**.-...
.......****........****....*..................**..............**...***
......*...*........***......**...............*.................**..***
......*..*..................**................**....................**
.......***..................**.....................................*..
...........................*..........................................
......................................................................
..............................................**............*.........
.............................................*.............*..........
................................................*..........***........
.................................**...........*.*.....................
.................................**............*......................
.......................*...**..........................-..............
**....................*.*..**.........................................
**...................**.**.............**.............................
.....................**.**............*..*......**....................
..............**....**.*..*............**.......**....................
..............**........**..................................**........
....................**...............*......*...............**....*...
....................................*.*....*.*...................*.*..
.............**.....................*.*....*.*..................*..*..
.......**...*.*......................*......*....................**...
.......**....*........................................................
.....-................................................................

Generation = 200, Population = 341.
-.................................................-...................
..........**.......................................................*..
.......*..**.....................................................***..
**.....*.........................................................*.*..
**.....*.*...............................**......................***..
...............**....*..**...............*.*..................**..**..
...............**....*.*.*................*..................***......
...........*............**...................................*..*.....
...........**................................................**.*.....
.............*................................................**......
................*........*............................................
...........**...........*.*......................................**...
...........**..*...*....*.*.....................................*.**..
...........**..*....*....*.......***..............................*...
.................****............*....................................
...................*.*...........***...........................*.*....
....................*.........**......................................
..............................**......................................
......................................................................
........................................**............................
................-......................*..*...........................
........................................**............................
.**...................................................................
.**.....................................................***...........
.......................................*..............................
......................................*.*....................*........
...........................**.........**....................*.*.......
...........................**................................*........
......................................................................
...........................................**.........................
.........................................*...*............**..........
..........................................****.*.........*..*.........
.....................................**......**..........*..*.........
......................*.............*..**.................**..........
....................**.*.*.........****...............................
....................**...**............**.............................
....................****...*.........***..........................-...
..........................***.......****...............**............-
....................................*...****...........**.............
..............................**....***.**............................
...........................*****......................................
...........................*...*......................................
.......................**......*......................................
.......................**...*.*.......................................
.......................**....*........................................
..............*.......................................................
....*.........*......................................*.*..............
..*.*.....................***.......................*.................
...........................**......................*...*..............
.*.*......................*........................*..*...............
.**.............................................**.*.*................
..........**....................................*.***.........*.......
..........**....................................*...*..........*......
........................*.......................**..*.........*.......
.......................*.........................***..................
.......................*..........................*...................
..*.*.*...............................................................
**.*...*...............................................**.............
..**..*................................................**.............
...*..*.......................**......................................
.............................*..*......**.............................
..............................*.*.....*..*......**....................
..............*..**............*.......**.......**....................
..............*..**.........................................**........
...............*.....................*......*...............**....*...
.................**.*...............*.*....*.*...................*.*..
.............**...***...............*.*....*.*..................*..*..
.......**...*.*......................*......*....................**...
.......**....*........................................................
.....-................................................................
